COproj/Library/PramData/AndroidApplicationController/Cache/com.Heckvision.COproj/gradle-project/unityLibrary/build/intermediates/manifest_merge_blame_file/debug/manifest-merger-blame-debug-report.txt
1<?xml version="1.0" encoding="utf-8"?>
2<manifest xmlns:android="http://schemas.android.com/apk/res/android"
3    xmlns:tools="http://schemas.android.com/tools"
4    package="com.unity3d.player"
5    android:installLocation="auto" >
6
7    <uses-sdk
8        android:minSdkVersion="29"
8-->src/main/AndroidManifest.xml
9        android:targetSdkVersion="32" />
9-->src/main/AndroidManifest.xml
10
11    <uses-permission android:name="android.permission.INTERNET" />
11-->src/main/AndroidManifest.xml:3:3-65
11-->src/main/AndroidManifest.xml:3:20-62
12
13    <uses-feature
13-->src/main/AndroidManifest.xml:4:3-111
14        android:name="android.hardware.vr.headtracking"
14-->src/main/AndroidManifest.xml:4:17-64
15        android:required="true"
15-->src/main/AndroidManifest.xml:4:85-108
16        android:version="1" />
16-->src/main/AndroidManifest.xml:4:65-84
17    <uses-feature android:glEsVersion="0x00030000" />
17-->src/main/AndroidManifest.xml:5:3-52
17-->src/main/AndroidManifest.xml:5:17-49
18    <uses-feature
18-->src/main/AndroidManifest.xml:6:3-88
19        android:name="android.hardware.touchscreen"
19-->src/main/AndroidManifest.xml:6:17-60
20        android:required="false" />
20-->src/main/AndroidManifest.xml:6:61-85
21    <uses-feature
21-->src/main/AndroidManifest.xml:7:3-99
22        android:name="android.hardware.touchscreen.multitouch"
22-->src/main/AndroidManifest.xml:7:17-71
23        android:required="false" />
23-->src/main/AndroidManifest.xml:7:72-96
24    <uses-feature
24-->src/main/AndroidManifest.xml:8:3-108
25        android:name="android.hardware.touchscreen.multitouch.distinct"
25-->src/main/AndroidManifest.xml:8:17-80
26        android:required="false" />
26-->src/main/AndroidManifest.xml:8:81-105
27    <uses-feature
27-->src/main/AndroidManifest.xml:35:3-90
28        android:name="com.oculus.feature.PASSTHROUGH"
28-->src/main/AndroidManifest.xml:35:17-62
29        android:required="false" />
29-->src/main/AndroidManifest.xml:35:63-87
30
31    <application
31-->src/main/AndroidManifest.xml:9:3-34:17
32        android:allowBackup="false"
32-->src/main/AndroidManifest.xml:9:81-108
33        android:extractNativeLibs="true"
33-->src/main/AndroidManifest.xml:9:109-141
34        android:icon="@mipmap/app_icon"
34-->src/main/AndroidManifest.xml:9:49-80
35        android:label="@string/app_name"
35-->src/main/AndroidManifest.xml:9:16-48
36        android:networkSecurityConfig="@xml/network_sec_config" >
36-->src/main/AndroidManifest.xml:9:142-197
37        <meta-data
37-->src/main/AndroidManifest.xml:10:5-89
38            android:name="unityplayer.SkipPermissionsDialog"
38-->src/main/AndroidManifest.xml:10:16-64
39            android:value="false" />
39-->src/main/AndroidManifest.xml:10:65-86
40        <meta-data
40-->src/main/AndroidManifest.xml:11:5-97
41            android:name="com.samsung.android.vr.application.mode"
41-->src/main/AndroidManifest.xml:11:16-70
42            android:value="vr_only" />
42-->src/main/AndroidManifest.xml:11:71-94
43        <meta-data
43-->src/main/AndroidManifest.xml:12:5-86
44            android:name="com.oculus.ossplash.background"
44-->src/main/AndroidManifest.xml:12:16-61
45            android:value="black" />
45-->src/main/AndroidManifest.xml:12:62-83
46        <meta-data
46-->src/main/AndroidManifest.xml:13:5-84
47            android:name="com.oculus.supportedDevices"
47-->src/main/AndroidManifest.xml:13:16-58
48            android:value="quest2" />
48-->src/main/AndroidManifest.xml:13:59-81
49        <meta-data
49-->src/main/AndroidManifest.xml:14:5-69
50            android:name="unity.splash-mode"
50-->src/main/AndroidManifest.xml:14:16-48
51            android:value="0" />
51-->src/main/AndroidManifest.xml:14:49-66
52        <meta-data
52-->src/main/AndroidManifest.xml:15:5-74
53            android:name="unity.splash-enable"
53-->src/main/AndroidManifest.xml:15:16-50
54            android:value="True" />
54-->src/main/AndroidManifest.xml:15:51-71
55        <meta-data
55-->src/main/AndroidManifest.xml:16:5-78
56            android:name="unity.launch-fullscreen"
56-->src/main/AndroidManifest.xml:16:16-54
57            android:value="True" />
57-->src/main/AndroidManifest.xml:16:55-75
58        <meta-data
58-->src/main/AndroidManifest.xml:17:5-81
59            android:name="notch.config"
59-->src/main/AndroidManifest.xml:17:16-43
60            android:value="portrait|landscape" />
60-->src/main/AndroidManifest.xml:17:44-78
61        <meta-data
61-->src/main/AndroidManifest.xml:18:5-84
62            android:name="unity.auto-report-fully-drawn"
62-->src/main/AndroidManifest.xml:18:16-60
63            android:value="true" />
63-->src/main/AndroidManifest.xml:18:61-81
64
65        <activity
65-->src/main/AndroidManifest.xml:19:5-27:16
66            android:name="com.unity3d.player.UnityPlayerActivity"
66-->src/main/AndroidManifest.xml:19:222-275
67            android:configChanges="keyboard|keyboardHidden|navigation|orientation|screenLayout|screenSize|uiMode|density"
67-->src/main/AndroidManifest.xml:19:80-189
68            android:excludeFromRecents="true"
68-->src/main/AndroidManifest.xml:19:276-309
69            android:exported="true"
69-->src/main/AndroidManifest.xml:19:310-333
70            android:hardwareAccelerated="false"
70-->src/main/AndroidManifest.xml:19:407-442
71            android:launchMode="singleTask"
71-->src/main/AndroidManifest.xml:19:190-221
72            android:resizeableActivity="false"
72-->src/main/AndroidManifest.xml:19:372-406
73            android:screenOrientation="landscape"
73-->src/main/AndroidManifest.xml:19:334-371
74            android:theme="@android:style/Theme.Black.NoTitleBar.Fullscreen" >
74-->src/main/AndroidManifest.xml:19:15-79
75            <intent-filter>
75-->src/main/AndroidManifest.xml:20:7-24:23
76                <category android:name="android.intent.category.LAUNCHER" />
76-->src/main/AndroidManifest.xml:21:9-69
76-->src/main/AndroidManifest.xml:21:19-66
77                <category android:name="com.oculus.intent.category.VR" />
77-->src/main/AndroidManifest.xml:22:9-66
77-->src/main/AndroidManifest.xml:22:19-63
78
79                <action android:name="android.intent.action.MAIN" />
79-->src/main/AndroidManifest.xml:23:9-61
79-->src/main/AndroidManifest.xml:23:17-58
80            </intent-filter>
81
82            <meta-data
82-->src/main/AndroidManifest.xml:25:7-81
83                android:name="com.oculus.vr.focusaware"
83-->src/main/AndroidManifest.xml:25:18-57
84                android:value="true" />
84-->src/main/AndroidManifest.xml:25:58-78
85            <meta-data
85-->src/main/AndroidManifest.xml:26:7-70
86                android:name="notch_support"
86-->src/main/AndroidManifest.xml:26:18-46
87                android:value="true" />
87-->src/main/AndroidManifest.xml:26:47-67
88        </activity>
89
90        <meta-data
90-->src/main/AndroidManifest.xml:28:5-90
91            android:name="com.unity.xr.oculus.LowOverheadMode"
91-->src/main/AndroidManifest.xml:28:16-66
92            android:value="true" />
92-->src/main/AndroidManifest.xml:28:67-87
93        <meta-data
93-->src/main/AndroidManifest.xml:29:5-88
94            android:name="com.unity.xr.oculus.LateLatching"
94-->src/main/AndroidManifest.xml:29:16-63
95            android:value="false" />
95-->src/main/AndroidManifest.xml:29:64-85
96        <meta-data
96-->src/main/AndroidManifest.xml:30:5-93
97            android:name="com.unity.xr.oculus.LateLatchingDebug"
97-->src/main/AndroidManifest.xml:30:16-68
98            android:value="false" />
98-->src/main/AndroidManifest.xml:30:69-90
99        <meta-data
99-->src/main/AndroidManifest.xml:31:5-74
100            android:name="com.oculus.ossplash"
100-->src/main/AndroidManifest.xml:31:16-50
101            android:value="true" />
101-->src/main/AndroidManifest.xml:31:51-71
102        <meta-data
102-->src/main/AndroidManifest.xml:32:5-79
103            android:name="com.oculus.ossplash.type"
103-->src/main/AndroidManifest.xml:32:16-55
104            android:value="mono" />
104-->src/main/AndroidManifest.xml:32:56-76
105        <meta-data
105-->src/main/AndroidManifest.xml:33:5-83
106            android:name="com.oculus.ossplash.colorspace"
106-->src/main/AndroidManifest.xml:33:16-61
107            android:value="P3" />
107-->src/main/AndroidManifest.xml:33:62-80
108    </application>
109
110</manifest>